13:24:16.072 DEBUG core.BookListController : Book title pressed.
13:24:19.267 DEBUG core.DetailedController : Save button pressed.
13:19:19.334 INFO  core.BookListController : Book title pressed.
14:36:12.128 INFO  controller.BookListController : Book title pressed.
12:57:41.688 INFO  controller.Main : Creating Connection with DB...
12:59:30.874 INFO  controller.Main : Creating Connection with DB...
13:05:06.267 INFO  controller.Main : Creating Connection with DB...
13:05:13.915 ERROR controller.AppController : Empty view or controller.
13:05:26.740 ERROR controller.AppController : Empty view or controller.
13:05:28.846 INFO  controller.Main : Closing connection to DB...
14:32:21.260 INFO  controller.Main : Creating Connection with DB...
14:32:24.662 ERROR controller.AppController : Empty view or controller.
14:33:07.257 INFO  controller.Main : Creating Connection with DB...
14:33:10.922 ERROR controller.AppController : Empty view or controller.
14:34:46.966 INFO  controller.Main : Closing connection to DB...
14:34:49.387 INFO  controller.Main : Closing connection to DB...
14:40:47.457 INFO  controller.Main : Creating Connection with DB...
14:45:18.844 INFO  controller.Main : Closing connection to DB...
14:56:41.357 INFO  controller.Main : Creating Connection with DB...
15:01:28.522 INFO  controller.Main : Closing connection to DB...
15:21:15.778 INFO  controller.Main : Creating Connection with DB...
15:22:10.660 INFO  controller.Main : Closing connection to DB...
15:24:48.304 INFO  controller.Main : Creating Connection with DB...
15:24:55.877 INFO  controller.Main : Closing connection to DB...
15:46:11.101 INFO  controller.Main : Creating Connection with DB...
15:51:03.062 INFO  controller.Main : Creating Connection with DB...
15:51:20.636 INFO  controller.Main : Closing connection to DB...
15:51:24.653 INFO  controller.Main : Closing connection to DB...
15:51:45.587 INFO  controller.Main : Creating Connection with DB...
15:51:52.099 INFO  controller.Main : Closing connection to DB...
15:53:43.634 INFO  controller.Main : Creating Connection with DB...
15:54:08.713 INFO  controller.Main : Creating Connection with DB...
15:56:01.892 INFO  controller.Main : Creating Connection with DB...
15:59:55.813 INFO  controller.Main : Closing connection to DB...
15:59:58.571 INFO  controller.Main : Closing connection to DB...
16:00:01.293 INFO  controller.Main : Closing connection to DB...
23:48:57.354 INFO  controller.Main : Creating Connection with DB...
00:01:21.039 INFO  controller.Main : Closing connection to DB...
00:01:28.766 INFO  controller.Main : Creating Connection with DB...
00:01:47.291 INFO  controller.Main : Closing connection to DB...
12:00:39.844 INFO  controller.Main : Creating Connection with DB...
12:00:55.273 INFO  controller.Main : Closing connection to DB...
12:37:47.929 INFO  controller.Main : Creating Connection with DB...
12:41:29.685 INFO  controller.Main : Closing connection to DB...
12:41:35.108 INFO  controller.Main : Creating Connection with DB...
11:44:32.803 INFO  controller.Main : Creating Connection with DB...
11:44:47.141 INFO  controller.Main : Closing connection to DB...
11:54:20.656 INFO  controller.Main : Creating Connection with DB...
11:54:28.301 INFO  controller.Main : Closing connection to DB...
12:02:46.678 INFO  controller.Main : Creating Connection with DB...
12:02:58.342 INFO  controller.Main : Closing connection to DB...
12:08:44.160 INFO  controller.Main : Creating Connection with DB...
12:08:47.337 ERROR controller.AppController : Empty view or controller.
12:12:00.078 INFO  controller.Main : Creating Connection with DB...
12:14:32.496 INFO  controller.Main : Closing connection to DB...
12:14:34.865 INFO  controller.Main : Closing connection to DB...
12:17:33.555 INFO  controller.Main : Creating Connection with DB...
12:17:57.317 INFO  controller.Main : Closing connection to DB...
12:18:42.365 INFO  controller.Main : Creating Connection with DB...
12:18:53.952 INFO  controller.Main : Closing connection to DB...
15:02:14.291 INFO  controller.Main : Creating Connection with DB...
15:03:53.214 INFO  controller.Main : Closing connection to DB...
15:14:55.500 INFO  controller.Main : Creating Connection with DB...
15:17:21.819 INFO  controller.Main : Creating Connection with DB...
15:20:36.144 INFO  controller.Main : Closing connection to DB...
15:20:38.512 INFO  controller.Main : Closing connection to DB...
15:25:50.153 INFO  controller.Main : Creating Connection with DB...
15:25:56.411 INFO  controller.Main : Closing connection to DB...
15:26:49.587 INFO  controller.Main : Creating Connection with DB...
15:27:51.726 INFO  controller.Main : Closing connection to DB...
15:27:54.913 INFO  controller.Main : Creating Connection with DB...
15:28:39.976 INFO  controller.Main : Closing connection to DB...
15:29:09.763 INFO  controller.Main : Creating Connection with DB...
15:29:22.136 INFO  controller.Main : Closing connection to DB...
15:30:27.620 INFO  controller.Main : Creating Connection with DB...
15:30:40.713 INFO  controller.Main : Closing connection to DB...
15:51:43.609 INFO  controller.Main : Creating Connection with DB...
15:51:51.833 INFO  controller.Main : Creating Connection with DB...
15:52:08.811 INFO  controller.Main : Creating Connection with DB...
11:54:31.505 INFO  controller.Main : Creating Connection with DB...
12:06:18.143 INFO  controller.Main : Closing connection to DB...
12:09:40.621 INFO  controller.Main : Creating Connection with DB...
12:13:26.449 INFO  controller.Main : Closing connection to DB...
12:26:15.935 INFO  controller.Main : Creating Connection with DB...
12:26:46.095 INFO  controller.Main : Closing connection to DB...
12:30:18.586 INFO  controller.Main : Creating Connection with DB...
12:30:26.560 INFO  controller.Main : Closing connection to DB...
14:38:16.583 INFO  controller.Main : Creating Connection with DB...
14:38:20.490 INFO  controller.BookListController$1 : Book title pressed.1 : The Hobbit     Year: 1937   ISBN: ABCD1234
14:38:20.502 ERROR controller.AppController : Empty view or controller.
14:39:44.444 INFO  controller.Main : Closing connection to DB...
14:47:14.684 INFO  controller.Main : Creating Connection with DB...
14:47:18.591 INFO  controller.BookListController$1 : Book title pressed.1 : The Hobbit     Year: 1937   ISBN: ABCD1234
14:47:18.605 ERROR controller.AppController : Empty view or controller.
14:49:22.568 INFO  controller.Main : Creating Connection with DB...
14:49:26.562 INFO  controller.BookListController$1 : Book title pressed.1 : The Hobbit     Year: 1937   ISBN: ABCD1234
14:49:33.745 INFO  controller.Main : Closing connection to DB...
14:49:35.678 INFO  controller.Main : Closing connection to DB...
14:39:06.960 INFO  controller.Main : Creating Connection with DB...
14:39:14.072 INFO  controller.BookListController$1 : Book title pressed.1 : The Hobbit     Year: 1937   ISBN: ABCD1234
14:39:21.642 INFO  controller.DetailedController : Save button pressed.
14:44:39.895 INFO  controller.Main : Closing connection to DB...
14:50:12.359 INFO  controller.Main : Creating Connection with DB...
14:50:17.190 INFO  controller.BookListController$1 : Book title pressed.1 : The Hobbit     Year: 1937   ISBN: ABCD1234
14:50:47.976 INFO  controller.DetailedController : Save button pressed.
15:03:43.274 INFO  controller.Main : Closing connection to DB...
15:09:19.722 INFO  controller.Main : Creating Connection with DB...
15:09:23.103 INFO  controller.BookListController$1 : Book title pressed.1 : The Hobbit     Year: 1937   ISBN: ABCD1234
15:09:26.832 INFO  controller.DetailedController : Save button pressed.
15:10:11.726 INFO  controller.Main : Closing connection to DB...
15:11:52.864 INFO  controller.Main : Creating Connection with DB...
15:11:56.275 INFO  controller.BookListController$1 : Book title pressed.1 : The Hobbit     Year: 1937   ISBN: ABCD1234
15:11:59.761 INFO  controller.DetailedController : Save button pressed.
15:12:05.207 INFO  controller.Main : Closing connection to DB...
15:15:21.194 INFO  controller.Main : Creating Connection with DB...
15:15:25.394 INFO  controller.BookListController$1 : Book title pressed.1 : The Hobbit     Year: 1937   ISBN: ABCD1234
15:15:29.736 INFO  controller.DetailedController : Save button pressed.
15:15:52.478 INFO  controller.Main : Closing connection to DB...
15:16:50.973 INFO  controller.Main : Creating Connection with DB...
15:16:56.062 INFO  controller.BookListController$1 : Book title pressed.1 : The Hobbit     Year: 1937   ISBN: ABCD1234
15:16:59.992 INFO  controller.DetailedController : Save button pressed.
15:17:03.989 INFO  controller.Main : Closing connection to DB...
15:22:43.856 INFO  controller.Main : Creating Connection with DB...
15:22:47.609 INFO  controller.BookListController$1 : Book title pressed.1 : The Hobbit     Year: 1937   ISBN: ABCD1234
15:22:54.934 INFO  controller.DetailedController : Save button pressed.
15:27:14.796 INFO  controller.Main : Closing connection to DB...
15:27:17.065 INFO  controller.Main : Creating Connection with DB...
15:27:20.193 INFO  controller.BookListController$1 : Book title pressed.1 : The Hobbit     Year: 1937   ISBN: ABCD1234
15:27:21.392 INFO  controller.DetailedController : Save button pressed.
15:28:10.597 INFO  controller.Main : Closing connection to DB...
15:28:53.400 INFO  controller.Main : Creating Connection with DB...
15:28:56.660 INFO  controller.BookListController$1 : Book title pressed.1 : The Hobbit     Year: 1937   ISBN: ABCD1234
15:29:01.105 INFO  controller.DetailedController : Save button pressed.
15:32:29.838 INFO  controller.Main : Closing connection to DB...
13:30:09.231 INFO  controller.Main : Creating Connection with DB...
13:30:12.877 INFO  controller.BookListController$1 : Book title pressed.1 : The Hobbit     Year: 1937   ISBN: ABCD1234
13:30:14.129 INFO  controller.DetailedController : Save button pressed.
13:30:14.130 INFO  controller.DetailedController : No changes made.
13:33:28.813 INFO  controller.Main : Creating Connection with DB...
13:33:33.096 INFO  controller.BookListController$1 : Book title pressed.1 : The Hobbit     Year: 1937   ISBN: ABCD1234
13:33:34.299 INFO  controller.DetailedController : Save button pressed.
13:33:34.299 INFO  controller.DetailedController : No changes made.
13:34:08.332 INFO  controller.Main : Closing connection to DB...
13:59:34.122 INFO  controller.Main : Closing connection to DB...
12:23:00.383 INFO  controller.Main : Creating Connection with DB...
12:23:30.547 INFO  controller.Main : Closing connection to DB...
12:24:44.288 INFO  controller.Main : Creating Connection with DB...
12:24:59.775 INFO  controller.Main : Closing connection to DB...
12:28:06.418 INFO  controller.Main : Creating Connection with DB...
12:28:12.517 INFO  controller.BookListController$1 : Book title pressed.1 : The Hobbit     Year: 1937   ISBN: ABCD1234
12:28:27.288 INFO  controller.DetailedController : Save button pressed.
12:28:27.289 INFO  controller.DetailedController : No changes made.
12:34:48.338 INFO  controller.Main : Closing connection to DB...
12:35:39.929 INFO  controller.Main : Creating Connection with DB...
12:35:43.657 INFO  controller.BookListController$1 : Book title pressed.1 : The Hobbit     Year: 1937   ISBN: ABCD1234
12:35:49.968 INFO  controller.DetailedController : Save button pressed.
12:35:49.969 INFO  controller.DetailedController : No changes made.
12:39:21.563 INFO  controller.Main : Closing connection to DB...
12:39:26.051 INFO  controller.Main : Creating Connection with DB...
12:39:29.031 ERROR controller.AppController : Empty view or controller.
12:52:28.525 INFO  controller.Main : Creating Connection with DB...
12:52:59.819 INFO  controller.Main : Closing connection to DB...
13:00:11.719 INFO  controller.Main : Closing connection to DB...
13:27:31.880 INFO  controller.Main : Creating Connection with DB...
13:27:44.957 INFO  controller.BookListController$1 : Book title pressed.1 : The Hobbit     Year: 1937   ISBN: ABCD1234
13:27:49.809 INFO  controller.DetailedController : Save button pressed.
13:27:49.810 INFO  controller.DetailedController : No changes made.
13:30:04.148 INFO  controller.Main : Closing connection to DB...
13:30:07.509 INFO  controller.Main : Creating Connection with DB...
13:30:11.341 INFO  controller.BookListController$1 : Book title pressed. 1 : The Hobbit     Year: 1937   ISBN: ABCD1234
13:30:14.885 INFO  controller.DetailedController : Save button pressed.
13:30:14.885 INFO  controller.DetailedController : No changes made.
13:30:24.649 INFO  controller.Main : Closing connection to DB...
13:48:39.213 INFO  controller.Main : Creating Connection with DB...
13:48:44.329 INFO  controller.BookListController$1 : Book title pressed. 1 : The Hobbit     Year: 1937   ISBN: ABCD1234
13:48:47.714 INFO  controller.DetailedController : Save button pressed.
13:48:47.715 INFO  controller.DetailedController : No changes made.
13:49:14.670 INFO  controller.Main : Closing connection to DB...
14:02:56.279 INFO  controller.Main : Creating Connection with DB...
14:03:22.684 INFO  controller.BookListController$1 : Book title pressed. 2 : Dummy     Year: 1990   ISBN: dcba123
14:03:25.883 INFO  controller.BookListController$1 : Book title pressed. 1 : The Hobbit     Year: 1937   ISBN: ABCD1234
14:03:31.718 INFO  controller.Main : Closing connection to DB...
14:06:30.885 INFO  controller.Main : Creating Connection with DB...
14:06:43.937 INFO  controller.BookListController$1 : Book title pressed. 2 : Dummy     Year: 1990   ISBN: dcba123
14:08:02.330 INFO  controller.Main : Closing connection to DB...
12:36:58.838 INFO  controller.Main : Creating Connection with DB...
12:37:04.061 INFO  controller.BookListController$1 : Book title pressed. 1 : The Hobbit     Year: 1937   ISBN: ABCD1234
12:37:32.695 INFO  controller.DetailedController : Save button pressed.
12:37:32.695 INFO  controller.DetailedController : Changes made.
12:37:32.696 ERROR controller.DetailedController : Could not save: Invalid Year: 0
12:56:06.914 INFO  controller.Main : Closing connection to DB...
13:11:59.873 INFO  controller.Main : Creating Connection with DB...
13:12:23.733 INFO  controller.DetailedController : Save button pressed.
13:12:23.771 INFO  controller.DetailedController : Changes made.
13:12:26.272 INFO  controller.DetailedController : Changes fully saved.
13:12:37.973 INFO  controller.BookListController : Delete button pressed.
13:13:36.488 INFO  controller.Main : Closing connection to DB...
13:44:50.300 INFO  controller.Main : Creating Connection with DB...
13:45:10.741 INFO  controller.DetailedController : Save button pressed.
13:45:10.758 INFO  controller.DetailedController : Changes made.
13:45:12.394 INFO  controller.DetailedController : Changes fully saved.
13:45:16.194 INFO  controller.BookListController : Delete button pressed.
13:45:25.505 INFO  controller.BookListController$1 : Book title pressed. 4 : Title Here     Year: 1900   ISBN: ISBN Here
13:45:29.155 INFO  controller.BookListController$1 : Book title pressed. null
13:45:29.160 ERROR controller.AppController : Empty view or controller.
13:45:31.061 INFO  controller.BookListController$1 : Book title pressed. null
13:45:31.066 ERROR controller.AppController : Empty view or controller.
13:45:32.401 INFO  controller.BookListController$1 : Book title pressed. null
13:45:32.406 ERROR controller.AppController : Empty view or controller.
13:47:01.019 INFO  controller.Main : Closing connection to DB...
